<?xml version="1.0" encoding="UTF-8"?>
<testsuite xmlns:xsi="http://www.w3.org/2001/XMLSchema-instance" xsi:noNamespaceSchemaLocation="https://maven.apache.org/surefire/maven-surefire-plugin/xsd/surefire-test-report.xsd" version="3.0.2" name="com.example.lal.Controller.UserControllerTest" time="10.263" tests="25" errors="0" skipped="0" failures="0">
  <properties>
    <property name="java.specification.version" value="21"/>
    <property name="sun.cpu.isalist" value="amd64"/>
    <property name="sun.jnu.encoding" value="GBK"/>
    <property name="java.class.path" value="E:\软工基础实践\BUAA-2025-Team16\Learning_and_Living_Platform_BackEnd\target\test-classes;E:\软工基础实践\BUAA-2025-Team16\Learning_and_Living_Platform_BackEnd\target\classes;C:\Users\weixin\.m2\repository\org\junit\jupiter\junit-jupiter\5.10.0\junit-jupiter-5.10.0.jar;C:\Users\weixin\.m2\repository\org\junit\jupiter\junit-jupiter-api\5.9.3\junit-jupiter-api-5.9.3.jar;C:\Users\weixin\.m2\repository\org\opentest4j\opentest4j\1.2.0\opentest4j-1.2.0.jar;C:\Users\weixin\.m2\repository\org\junit\platform\junit-platform-commons\1.9.3\junit-platform-commons-1.9.3.jar;C:\Users\weixin\.m2\repository\org\apiguardian\apiguardian-api\1.1.2\apiguardian-api-1.1.2.jar;C:\Users\weixin\.m2\repository\org\junit\jupiter\junit-jupiter-params\5.9.3\junit-jupiter-params-5.9.3.jar;C:\Users\weixin\.m2\repository\org\junit\jupiter\junit-jupiter-engine\5.9.3\junit-jupiter-engine-5.9.3.jar;C:\Users\weixin\.m2\repository\org\junit\platform\junit-platform-engine\1.9.3\junit-platform-engine-1.9.3.jar;C:\Users\weixin\.m2\repository\org\mockito\mockito-core\5.3.0\mockito-core-5.3.0.jar;C:\Users\weixin\.m2\repository\org\objenesis\objenesis\3.3\objenesis-3.3.jar;C:\Users\weixin\.m2\repository\org\mockito\mockito-junit-jupiter\5.19.0\mockito-junit-jupiter-5.19.0.jar;C:\Users\weixin\.m2\repository\com\github\stefanbirkner\system-lambda\1.2.1\system-lambda-1.2.1.jar;C:\Users\weixin\.m2\repository\org\springframework\boot\spring-boot-starter-data-jdbc\3.0.7\spring-boot-starter-data-jdbc-3.0.7.jar;C:\Users\weixin\.m2\repository\org\springframework\boot\spring-boot-starter-jdbc\3.0.7\spring-boot-starter-jdbc-3.0.7.jar;C:\Users\weixin\.m2\repository\com\zaxxer\HikariCP\5.0.1\HikariCP-5.0.1.jar;C:\Users\weixin\.m2\repository\org\springframework\spring-jdbc\6.0.9\spring-jdbc-6.0.9.jar;C:\Users\weixin\.m2\repository\org\springframework\data\spring-data-jdbc\3.0.6\spring-data-jdbc-3.0.6.jar;C:\Users\weixin\.m2\repository\org\springframework\data\spring-data-relational\3.0.6\spring-data-relational-3.0.6.jar;C:\Users\weixin\.m2\repository\org\springframework\data\spring-data-commons\3.0.6\spring-data-commons-3.0.6.jar;C:\Users\weixin\.m2\repository\org\springframework\spring-tx\6.0.9\spring-tx-6.0.9.jar;C:\Users\weixin\.m2\repository\org\springframework\spring-context\6.0.9\spring-context-6.0.9.jar;C:\Users\weixin\.m2\repository\org\springframework\spring-beans\6.0.9\spring-beans-6.0.9.jar;C:\Users\weixin\.m2\repository\org\slf4j\slf4j-api\2.0.7\slf4j-api-2.0.7.jar;C:\Users\weixin\.m2\repository\org\springframework\boot\spring-boot-starter-web\3.0.7\spring-boot-starter-web-3.0.7.jar;C:\Users\weixin\.m2\repository\org\springframework\boot\spring-boot-starter\3.0.7\spring-boot-starter-3.0.7.jar;C:\Users\weixin\.m2\repository\org\springframework\boot\spring-boot\3.0.7\spring-boot-3.0.7.jar;C:\Users\weixin\.m2\repository\org\springframework\boot\spring-boot-autoconfigure\3.0.7\spring-boot-autoconfigure-3.0.7.jar;C:\Users\weixin\.m2\repository\org\springframework\boot\spring-boot-starter-logging\3.0.7\spring-boot-starter-logging-3.0.7.jar;C:\Users\weixin\.m2\repository\ch\qos\logback\logback-classic\1.4.7\logback-classic-1.4.7.jar;C:\Users\weixin\.m2\repository\ch\qos\logback\logback-core\1.4.7\logback-core-1.4.7.jar;C:\Users\weixin\.m2\repository\org\apache\logging\log4j\log4j-to-slf4j\2.19.0\log4j-to-slf4j-2.19.0.jar;C:\Users\weixin\.m2\repository\org\apache\logging\log4j\log4j-api\2.19.0\log4j-api-2.19.0.jar;C:\Users\weixin\.m2\repository\org\slf4j\jul-to-slf4j\2.0.7\jul-to-slf4j-2.0.7.jar;C:\Users\weixin\.m2\repository\jakarta\annotation\jakarta.annotation-api\2.1.1\jakarta.annotation-api-2.1.1.jar;C:\Users\weixin\.m2\repository\org\yaml\snakeyaml\1.33\snakeyaml-1.33.jar;C:\Users\weixin\.m2\repository\org\springframework\boot\spring-boot-starter-json\3.0.7\spring-boot-starter-json-3.0.7.jar;C:\Users\weixin\.m2\repository\com\fasterxml\jackson\datatype\jackson-datatype-jdk8\2.14.3\jackson-datatype-jdk8-2.14.3.jar;C:\Users\weixin\.m2\repository\com\fasterxml\jackson\datatype\jackson-datatype-jsr310\2.14.3\jackson-datatype-jsr310-2.14.3.jar;C:\Users\weixin\.m2\repository\com\fasterxml\jackson\module\jackson-module-parameter-names\2.14.3\jackson-module-parameter-names-2.14.3.jar;C:\Users\weixin\.m2\repository\org\springframework\boot\spring-boot-starter-tomcat\3.0.7\spring-boot-starter-tomcat-3.0.7.jar;C:\Users\weixin\.m2\repository\org\apache\tomcat\embed\tomcat-embed-core\10.1.8\tomcat-embed-core-10.1.8.jar;C:\Users\weixin\.m2\repository\org\apache\tomcat\embed\tomcat-embed-el\10.1.8\tomcat-embed-el-10.1.8.jar;C:\Users\weixin\.m2\repository\org\apache\tomcat\embed\tomcat-embed-websocket\10.1.8\tomcat-embed-websocket-10.1.8.jar;C:\Users\weixin\.m2\repository\org\springframework\spring-web\6.0.9\spring-web-6.0.9.jar;C:\Users\weixin\.m2\repository\io\micrometer\micrometer-observation\1.10.7\micrometer-observation-1.10.7.jar;C:\Users\weixin\.m2\repository\io\micrometer\micrometer-commons\1.10.7\micrometer-commons-1.10.7.jar;C:\Users\weixin\.m2\repository\org\springframework\spring-webmvc\6.0.9\spring-webmvc-6.0.9.jar;C:\Users\weixin\.m2\repository\org\springframework\spring-aop\6.0.9\spring-aop-6.0.9.jar;C:\Users\weixin\.m2\repository\org\springframework\spring-expression\6.0.9\spring-expression-6.0.9.jar;C:\Users\weixin\.m2\repository\org\mybatis\spring\boot\mybatis-spring-boot-starter\3.0.1\mybatis-spring-boot-starter-3.0.1.jar;C:\Users\weixin\.m2\repository\org\mybatis\spring\boot\mybatis-spring-boot-autoconfigure\3.0.1\mybatis-spring-boot-autoconfigure-3.0.1.jar;C:\Users\weixin\.m2\repository\org\mybatis\mybatis\3.5.11\mybatis-3.5.11.jar;C:\Users\weixin\.m2\repository\org\mybatis\mybatis-spring\3.0.1\mybatis-spring-3.0.1.jar;C:\Users\weixin\.m2\repository\com\mysql\mysql-connector-j\8.0.33\mysql-connector-j-8.0.33.jar;C:\Users\weixin\.m2\repository\org\projectlombok\lombok\1.18.38\lombok-1.18.38.jar;C:\Users\weixin\.m2\repository\org\springframework\boot\spring-boot-starter-test\3.0.7\spring-boot-starter-test-3.0.7.jar;C:\Users\weixin\.m2\repository\org\springframework\boot\spring-boot-test\3.0.7\spring-boot-test-3.0.7.jar;C:\Users\weixin\.m2\repository\org\springframework\boot\spring-boot-test-autoconfigure\3.0.7\spring-boot-test-autoconfigure-3.0.7.jar;C:\Users\weixin\.m2\repository\com\jayway\jsonpath\json-path\2.7.0\json-path-2.7.0.jar;C:\Users\weixin\.m2\repository\net\minidev\json-smart\2.4.11\json-smart-2.4.11.jar;C:\Users\weixin\.m2\repository\net\minidev\accessors-smart\2.4.11\accessors-smart-2.4.11.jar;C:\Users\weixin\.m2\repository\org\ow2\asm\asm\9.3\asm-9.3.jar;C:\Users\weixin\.m2\repository\jakarta\xml\bind\jakarta.xml.bind-api\4.0.0\jakarta.xml.bind-api-4.0.0.jar;C:\Users\weixin\.m2\repository\jakarta\activation\jakarta.activation-api\2.1.2\jakarta.activation-api-2.1.2.jar;C:\Users\weixin\.m2\repository\org\assertj\assertj-core\3.23.1\assertj-core-3.23.1.jar;C:\Users\weixin\.m2\repository\org\hamcrest\hamcrest\2.2\hamcrest-2.2.jar;C:\Users\weixin\.m2\repository\org\skyscreamer\jsonassert\1.5.1\jsonassert-1.5.1.jar;C:\Users\weixin\.m2\repository\com\vaadin\external\google\android-json\0.0.20131108.vaadin1\android-json-0.0.20131108.vaadin1.jar;C:\Users\weixin\.m2\repository\org\springframework\spring-core\6.0.9\spring-core-6.0.9.jar;C:\Users\weixin\.m2\repository\org\springframework\spring-jcl\6.0.9\spring-jcl-6.0.9.jar;C:\Users\weixin\.m2\repository\org\springframework\spring-test\6.0.9\spring-test-6.0.9.jar;C:\Users\weixin\.m2\repository\org\xmlunit\xmlunit-core\2.9.1\xmlunit-core-2.9.1.jar;C:\Users\weixin\.m2\repository\org\springframework\boot\spring-boot-starter-mail\3.0.7\spring-boot-starter-mail-3.0.7.jar;C:\Users\weixin\.m2\repository\org\springframework\spring-context-support\6.0.9\spring-context-support-6.0.9.jar;C:\Users\weixin\.m2\repository\org\eclipse\angus\jakarta.mail\1.0.0\jakarta.mail-1.0.0.jar;C:\Users\weixin\.m2\repository\org\eclipse\angus\angus-activation\2.0.0\angus-activation-2.0.0.jar;C:\Users\weixin\.m2\repository\com\auth0\java-jwt\3.8.3\java-jwt-3.8.3.jar;C:\Users\weixin\.m2\repository\com\fasterxml\jackson\core\jackson-databind\2.14.3\jackson-databind-2.14.3.jar;C:\Users\weixin\.m2\repository\com\fasterxml\jackson\core\jackson-annotations\2.14.3\jackson-annotations-2.14.3.jar;C:\Users\weixin\.m2\repository\com\fasterxml\jackson\core\jackson-core\2.14.3\jackson-core-2.14.3.jar;C:\Users\weixin\.m2\repository\commons-codec\commons-codec\1.15\commons-codec-1.15.jar;C:\Users\weixin\.m2\repository\com\aliyun\oss\aliyun-sdk-oss\3.10.2\aliyun-sdk-oss-3.10.2.jar;C:\Users\weixin\.m2\repository\org\apache\httpcomponents\httpclient\4.5.14\httpclient-4.5.14.jar;C:\Users\weixin\.m2\repository\org\apache\httpcomponents\httpcore\4.4.16\httpcore-4.4.16.jar;C:\Users\weixin\.m2\repository\org\jdom\jdom2\2.0.6.1\jdom2-2.0.6.1.jar;C:\Users\weixin\.m2\repository\org\codehaus\jettison\jettison\1.1\jettison-1.1.jar;C:\Users\weixin\.m2\repository\stax\stax-api\1.0.1\stax-api-1.0.1.jar;C:\Users\weixin\.m2\repository\com\aliyun\aliyun-java-sdk-core\3.4.0\aliyun-java-sdk-core-3.4.0.jar;C:\Users\weixin\.m2\repository\com\aliyun\aliyun-java-sdk-ram\3.0.0\aliyun-java-sdk-ram-3.0.0.jar;C:\Users\weixin\.m2\repository\com\aliyun\aliyun-java-sdk-sts\3.0.0\aliyun-java-sdk-sts-3.0.0.jar;C:\Users\weixin\.m2\repository\com\aliyun\aliyun-java-sdk-ecs\4.2.0\aliyun-java-sdk-ecs-4.2.0.jar;C:\Users\weixin\.m2\repository\com\aliyun\aliyun-java-sdk-kms\2.7.0\aliyun-java-sdk-kms-2.7.0.jar;C:\Users\weixin\.m2\repository\com\google\code\gson\gson\2.9.1\gson-2.9.1.jar;C:\Users\weixin\.m2\repository\net\bytebuddy\byte-buddy\1.17.7\byte-buddy-1.17.7.jar;C:\Users\weixin\.m2\repository\net\bytebuddy\byte-buddy-agent\1.17.7\byte-buddy-agent-1.17.7.jar;"/>
    <property name="java.vm.vendor" value="Oracle Corporation"/>
    <property name="net.bytebuddy.experimental" value="true"/>
    <property name="sun.arch.data.model" value="64"/>
    <property name="user.variant" value=""/>
    <property name="java.vendor.url" value="https://java.oracle.com/"/>
    <property name="user.timezone" value="Asia/Shanghai"/>
    <property name="os.name" value="Windows 11"/>
    <property name="java.vm.specification.version" value="21"/>
    <property name="sun.java.launcher" value="SUN_STANDARD"/>
    <property name="user.country" value="CN"/>
    <property name="sun.boot.library.path" value="C:\Program Files\Java\jdk-21\bin"/>
    <property name="sun.java.command" value="C:\Users\weixin\AppData\Local\Temp\surefire13509713482518292432\surefirebooter-20250830231954782_3.jar C:\Users\weixin\AppData\Local\Temp\surefire13509713482518292432 2025-08-30T23-19-54_575-jvmRun1 surefire-20250830231954782_1tmp surefire_0-20250830231954782_2tmp"/>
    <property name="jdk.debug" value="release"/>
    <property name="surefire.test.class.path" value="E:\软工基础实践\BUAA-2025-Team16\Learning_and_Living_Platform_BackEnd\target\test-classes;E:\软工基础实践\BUAA-2025-Team16\Learning_and_Living_Platform_BackEnd\target\classes;C:\Users\weixin\.m2\repository\org\junit\jupiter\junit-jupiter\5.10.0\junit-jupiter-5.10.0.jar;C:\Users\weixin\.m2\repository\org\junit\jupiter\junit-jupiter-api\5.9.3\junit-jupiter-api-5.9.3.jar;C:\Users\weixin\.m2\repository\org\opentest4j\opentest4j\1.2.0\opentest4j-1.2.0.jar;C:\Users\weixin\.m2\repository\org\junit\platform\junit-platform-commons\1.9.3\junit-platform-commons-1.9.3.jar;C:\Users\weixin\.m2\repository\org\apiguardian\apiguardian-api\1.1.2\apiguardian-api-1.1.2.jar;C:\Users\weixin\.m2\repository\org\junit\jupiter\junit-jupiter-params\5.9.3\junit-jupiter-params-5.9.3.jar;C:\Users\weixin\.m2\repository\org\junit\jupiter\junit-jupiter-engine\5.9.3\junit-jupiter-engine-5.9.3.jar;C:\Users\weixin\.m2\repository\org\junit\platform\junit-platform-engine\1.9.3\junit-platform-engine-1.9.3.jar;C:\Users\weixin\.m2\repository\org\mockito\mockito-core\5.3.0\mockito-core-5.3.0.jar;C:\Users\weixin\.m2\repository\org\objenesis\objenesis\3.3\objenesis-3.3.jar;C:\Users\weixin\.m2\repository\org\mockito\mockito-junit-jupiter\5.19.0\mockito-junit-jupiter-5.19.0.jar;C:\Users\weixin\.m2\repository\com\github\stefanbirkner\system-lambda\1.2.1\system-lambda-1.2.1.jar;C:\Users\weixin\.m2\repository\org\springframework\boot\spring-boot-starter-data-jdbc\3.0.7\spring-boot-starter-data-jdbc-3.0.7.jar;C:\Users\weixin\.m2\repository\org\springframework\boot\spring-boot-starter-jdbc\3.0.7\spring-boot-starter-jdbc-3.0.7.jar;C:\Users\weixin\.m2\repository\com\zaxxer\HikariCP\5.0.1\HikariCP-5.0.1.jar;C:\Users\weixin\.m2\repository\org\springframework\spring-jdbc\6.0.9\spring-jdbc-6.0.9.jar;C:\Users\weixin\.m2\repository\org\springframework\data\spring-data-jdbc\3.0.6\spring-data-jdbc-3.0.6.jar;C:\Users\weixin\.m2\repository\org\springframework\data\spring-data-relational\3.0.6\spring-data-relational-3.0.6.jar;C:\Users\weixin\.m2\repository\org\springframework\data\spring-data-commons\3.0.6\spring-data-commons-3.0.6.jar;C:\Users\weixin\.m2\repository\org\springframework\spring-tx\6.0.9\spring-tx-6.0.9.jar;C:\Users\weixin\.m2\repository\org\springframework\spring-context\6.0.9\spring-context-6.0.9.jar;C:\Users\weixin\.m2\repository\org\springframework\spring-beans\6.0.9\spring-beans-6.0.9.jar;C:\Users\weixin\.m2\repository\org\slf4j\slf4j-api\2.0.7\slf4j-api-2.0.7.jar;C:\Users\weixin\.m2\repository\org\springframework\boot\spring-boot-starter-web\3.0.7\spring-boot-starter-web-3.0.7.jar;C:\Users\weixin\.m2\repository\org\springframework\boot\spring-boot-starter\3.0.7\spring-boot-starter-3.0.7.jar;C:\Users\weixin\.m2\repository\org\springframework\boot\spring-boot\3.0.7\spring-boot-3.0.7.jar;C:\Users\weixin\.m2\repository\org\springframework\boot\spring-boot-autoconfigure\3.0.7\spring-boot-autoconfigure-3.0.7.jar;C:\Users\weixin\.m2\repository\org\springframework\boot\spring-boot-starter-logging\3.0.7\spring-boot-starter-logging-3.0.7.jar;C:\Users\weixin\.m2\repository\ch\qos\logback\logback-classic\1.4.7\logback-classic-1.4.7.jar;C:\Users\weixin\.m2\repository\ch\qos\logback\logback-core\1.4.7\logback-core-1.4.7.jar;C:\Users\weixin\.m2\repository\org\apache\logging\log4j\log4j-to-slf4j\2.19.0\log4j-to-slf4j-2.19.0.jar;C:\Users\weixin\.m2\repository\org\apache\logging\log4j\log4j-api\2.19.0\log4j-api-2.19.0.jar;C:\Users\weixin\.m2\repository\org\slf4j\jul-to-slf4j\2.0.7\jul-to-slf4j-2.0.7.jar;C:\Users\weixin\.m2\repository\jakarta\annotation\jakarta.annotation-api\2.1.1\jakarta.annotation-api-2.1.1.jar;C:\Users\weixin\.m2\repository\org\yaml\snakeyaml\1.33\snakeyaml-1.33.jar;C:\Users\weixin\.m2\repository\org\springframework\boot\spring-boot-starter-json\3.0.7\spring-boot-starter-json-3.0.7.jar;C:\Users\weixin\.m2\repository\com\fasterxml\jackson\datatype\jackson-datatype-jdk8\2.14.3\jackson-datatype-jdk8-2.14.3.jar;C:\Users\weixin\.m2\repository\com\fasterxml\jackson\datatype\jackson-datatype-jsr310\2.14.3\jackson-datatype-jsr310-2.14.3.jar;C:\Users\weixin\.m2\repository\com\fasterxml\jackson\module\jackson-module-parameter-names\2.14.3\jackson-module-parameter-names-2.14.3.jar;C:\Users\weixin\.m2\repository\org\springframework\boot\spring-boot-starter-tomcat\3.0.7\spring-boot-starter-tomcat-3.0.7.jar;C:\Users\weixin\.m2\repository\org\apache\tomcat\embed\tomcat-embed-core\10.1.8\tomcat-embed-core-10.1.8.jar;C:\Users\weixin\.m2\repository\org\apache\tomcat\embed\tomcat-embed-el\10.1.8\tomcat-embed-el-10.1.8.jar;C:\Users\weixin\.m2\repository\org\apache\tomcat\embed\tomcat-embed-websocket\10.1.8\tomcat-embed-websocket-10.1.8.jar;C:\Users\weixin\.m2\repository\org\springframework\spring-web\6.0.9\spring-web-6.0.9.jar;C:\Users\weixin\.m2\repository\io\micrometer\micrometer-observation\1.10.7\micrometer-observation-1.10.7.jar;C:\Users\weixin\.m2\repository\io\micrometer\micrometer-commons\1.10.7\micrometer-commons-1.10.7.jar;C:\Users\weixin\.m2\repository\org\springframework\spring-webmvc\6.0.9\spring-webmvc-6.0.9.jar;C:\Users\weixin\.m2\repository\org\springframework\spring-aop\6.0.9\spring-aop-6.0.9.jar;C:\Users\weixin\.m2\repository\org\springframework\spring-expression\6.0.9\spring-expression-6.0.9.jar;C:\Users\weixin\.m2\repository\org\mybatis\spring\boot\mybatis-spring-boot-starter\3.0.1\mybatis-spring-boot-starter-3.0.1.jar;C:\Users\weixin\.m2\repository\org\mybatis\spring\boot\mybatis-spring-boot-autoconfigure\3.0.1\mybatis-spring-boot-autoconfigure-3.0.1.jar;C:\Users\weixin\.m2\repository\org\mybatis\mybatis\3.5.11\mybatis-3.5.11.jar;C:\Users\weixin\.m2\repository\org\mybatis\mybatis-spring\3.0.1\mybatis-spring-3.0.1.jar;C:\Users\weixin\.m2\repository\com\mysql\mysql-connector-j\8.0.33\mysql-connector-j-8.0.33.jar;C:\Users\weixin\.m2\repository\org\projectlombok\lombok\1.18.38\lombok-1.18.38.jar;C:\Users\weixin\.m2\repository\org\springframework\boot\spring-boot-starter-test\3.0.7\spring-boot-starter-test-3.0.7.jar;C:\Users\weixin\.m2\repository\org\springframework\boot\spring-boot-test\3.0.7\spring-boot-test-3.0.7.jar;C:\Users\weixin\.m2\repository\org\springframework\boot\spring-boot-test-autoconfigure\3.0.7\spring-boot-test-autoconfigure-3.0.7.jar;C:\Users\weixin\.m2\repository\com\jayway\jsonpath\json-path\2.7.0\json-path-2.7.0.jar;C:\Users\weixin\.m2\repository\net\minidev\json-smart\2.4.11\json-smart-2.4.11.jar;C:\Users\weixin\.m2\repository\net\minidev\accessors-smart\2.4.11\accessors-smart-2.4.11.jar;C:\Users\weixin\.m2\repository\org\ow2\asm\asm\9.3\asm-9.3.jar;C:\Users\weixin\.m2\repository\jakarta\xml\bind\jakarta.xml.bind-api\4.0.0\jakarta.xml.bind-api-4.0.0.jar;C:\Users\weixin\.m2\repository\jakarta\activation\jakarta.activation-api\2.1.2\jakarta.activation-api-2.1.2.jar;C:\Users\weixin\.m2\repository\org\assertj\assertj-core\3.23.1\assertj-core-3.23.1.jar;C:\Users\weixin\.m2\repository\org\hamcrest\hamcrest\2.2\hamcrest-2.2.jar;C:\Users\weixin\.m2\repository\org\skyscreamer\jsonassert\1.5.1\jsonassert-1.5.1.jar;C:\Users\weixin\.m2\repository\com\vaadin\external\google\android-json\0.0.20131108.vaadin1\android-json-0.0.20131108.vaadin1.jar;C:\Users\weixin\.m2\repository\org\springframework\spring-core\6.0.9\spring-core-6.0.9.jar;C:\Users\weixin\.m2\repository\org\springframework\spring-jcl\6.0.9\spring-jcl-6.0.9.jar;C:\Users\weixin\.m2\repository\org\springframework\spring-test\6.0.9\spring-test-6.0.9.jar;C:\Users\weixin\.m2\repository\org\xmlunit\xmlunit-core\2.9.1\xmlunit-core-2.9.1.jar;C:\Users\weixin\.m2\repository\org\springframework\boot\spring-boot-starter-mail\3.0.7\spring-boot-starter-mail-3.0.7.jar;C:\Users\weixin\.m2\repository\org\springframework\spring-context-support\6.0.9\spring-context-support-6.0.9.jar;C:\Users\weixin\.m2\repository\org\eclipse\angus\jakarta.mail\1.0.0\jakarta.mail-1.0.0.jar;C:\Users\weixin\.m2\repository\org\eclipse\angus\angus-activation\2.0.0\angus-activation-2.0.0.jar;C:\Users\weixin\.m2\repository\com\auth0\java-jwt\3.8.3\java-jwt-3.8.3.jar;C:\Users\weixin\.m2\repository\com\fasterxml\jackson\core\jackson-databind\2.14.3\jackson-databind-2.14.3.jar;C:\Users\weixin\.m2\repository\com\fasterxml\jackson\core\jackson-annotations\2.14.3\jackson-annotations-2.14.3.jar;C:\Users\weixin\.m2\repository\com\fasterxml\jackson\core\jackson-core\2.14.3\jackson-core-2.14.3.jar;C:\Users\weixin\.m2\repository\commons-codec\commons-codec\1.15\commons-codec-1.15.jar;C:\Users\weixin\.m2\repository\com\aliyun\oss\aliyun-sdk-oss\3.10.2\aliyun-sdk-oss-3.10.2.jar;C:\Users\weixin\.m2\repository\org\apache\httpcomponents\httpclient\4.5.14\httpclient-4.5.14.jar;C:\Users\weixin\.m2\repository\org\apache\httpcomponents\httpcore\4.4.16\httpcore-4.4.16.jar;C:\Users\weixin\.m2\repository\org\jdom\jdom2\2.0.6.1\jdom2-2.0.6.1.jar;C:\Users\weixin\.m2\repository\org\codehaus\jettison\jettison\1.1\jettison-1.1.jar;C:\Users\weixin\.m2\repository\stax\stax-api\1.0.1\stax-api-1.0.1.jar;C:\Users\weixin\.m2\repository\com\aliyun\aliyun-java-sdk-core\3.4.0\aliyun-java-sdk-core-3.4.0.jar;C:\Users\weixin\.m2\repository\com\aliyun\aliyun-java-sdk-ram\3.0.0\aliyun-java-sdk-ram-3.0.0.jar;C:\Users\weixin\.m2\repository\com\aliyun\aliyun-java-sdk-sts\3.0.0\aliyun-java-sdk-sts-3.0.0.jar;C:\Users\weixin\.m2\repository\com\aliyun\aliyun-java-sdk-ecs\4.2.0\aliyun-java-sdk-ecs-4.2.0.jar;C:\Users\weixin\.m2\repository\com\aliyun\aliyun-java-sdk-kms\2.7.0\aliyun-java-sdk-kms-2.7.0.jar;C:\Users\weixin\.m2\repository\com\google\code\gson\gson\2.9.1\gson-2.9.1.jar;C:\Users\weixin\.m2\repository\net\bytebuddy\byte-buddy\1.17.7\byte-buddy-1.17.7.jar;C:\Users\weixin\.m2\repository\net\bytebuddy\byte-buddy-agent\1.17.7\byte-buddy-agent-1.17.7.jar;"/>
    <property name="sun.cpu.endian" value="little"/>
    <property name="user.home" value="C:\Users\weixin"/>
    <property name="user.language" value="zh"/>
    <property name="java.specification.vendor" value="Oracle Corporation"/>
    <property name="java.version.date" value="2025-07-15"/>
    <property name="java.home" value="C:\Program Files\Java\jdk-21"/>
    <property name="file.separator" value="\"/>
    <property name="basedir" value="E:\软工基础实践\BUAA-2025-Team16\Learning_and_Living_Platform_BackEnd"/>
    <property name="java.vm.compressedOopsMode" value="Zero based"/>
    <property name="line.separator" value="&#10;"/>
    <property name="java.vm.specification.vendor" value="Oracle Corporation"/>
    <property name="java.specification.name" value="Java Platform API Specification"/>
    <property name="FILE_LOG_CHARSET" value="UTF-8"/>
    <property name="java.awt.headless" value="true"/>
    <property name="surefire.real.class.path" value="C:\Users\weixin\AppData\Local\Temp\surefire13509713482518292432\surefirebooter-20250830231954782_3.jar"/>
    <property name="user.script" value=""/>
    <property name="sun.management.compiler" value="HotSpot 64-Bit Tiered Compilers"/>
    <property name="java.runtime.version" value="21.0.8+12-LTS-250"/>
    <property name="user.name" value="weixin"/>
    <property name="stdout.encoding" value="GBK"/>
    <property name="path.separator" value=";"/>
    <property name="os.version" value="10.0"/>
    <property name="java.runtime.name" value="Java(TM) SE Runtime Environment"/>
    <property name="file.encoding" value="UTF-8"/>
    <property name="java.vm.name" value="Java HotSpot(TM) 64-Bit Server VM"/>
    <property name="localRepository" value="C:\Users\weixin\.m2\repository"/>
    <property name="java.vendor.url.bug" value="https://bugreport.java.com/bugreport/"/>
    <property name="java.io.tmpdir" value="C:\Users\weixin\AppData\Local\Temp\"/>
    <property name="com.zaxxer.hikari.pool_number" value="1"/>
    <property name="java.version" value="21.0.8"/>
    <property name="user.dir" value="E:\软工基础实践\BUAA-2025-Team16\Learning_and_Living_Platform_BackEnd"/>
    <property name="os.arch" value="amd64"/>
    <property name="java.vm.specification.name" value="Java Virtual Machine Specification"/>
    <property name="PID" value="1112"/>
    <property name="sun.os.patch.level" value=""/>
    <property name="CONSOLE_LOG_CHARSET" value="UTF-8"/>
    <property name="native.encoding" value="GBK"/>
    <property name="java.library.path" value="C:\Program Files\Java\jdk-21\bin;C:\WINDOWS\Sun\Java\bin;C:\WINDOWS\system32;C:\WINDOWS;D:\CUDA\v12.8\bin;D:\CUDA\v12.8\libnvvp;C:\Program Files\Java\jdk-21\bin;C:\Program Files\Common Files\Oracle\Java\javapath;C:\ProgramData\Oracle\Java\javapath;C:\Windows\system32;C:\Windows;C:\Windows\System32\Wbem;C:\Windows\System32\WindowsPowerShell\v1.0\;C:\Windows\System32\OpenSSH\;C:\Program Files (x86)\NVIDIA Corporation\PhysX\Common;C:\WINDOWS\system32;C:\WINDOWS;C:\WINDOWS\System32\Wbem;C:\WINDOWS\System32\WindowsPowerShell\v1.0\;C:\WINDOWS\System32\OpenSSH\;C:\Program Files\Microsoft SQL Server\Client SDK\ODBC\110\Tools\Binn\;C:\Program Files (x86)\Microsoft SQL Server\120\Tools\Binn\;C:\Program Files\Microsoft SQL Server\120\Tools\Binn\;C:\Program Files\Microsoft SQL Server\120\DTS\Binn\;C:\Program Files (x86)\Windows Kits\8.1\Windows Performance Toolkit\;C:\mingw64\bin;C:\Program Files (x86)\Tencent\微信web开发者工具\dll;C:\Program Files\Git\cmd;C:\Program Files\OpenSSL-Win64\bin;C:\Program Files\NVIDIA Corporation\NVIDIA App\NvDLISR;C:\Program Files\NVIDIA Corporation\Nsight Compute 2025.1.1\;D:\apache-maven-3.9.9\bin;C:\Program Files\Docker\Docker\resources\bin;D:\prince\engine\bin;C:\Users\weixin\AppData\Local\nvm;C:\nvm4w\nodejs;C:\nvm4w\nodejs\;C:\Program Files\MySQL\MySQL Server 8.0\bin\C:\Program Files\MySQL\MySQL Server 8.0\bin;C:\Users\weixin\AppData\Local\Programs\Microsoft VS Code\bin;C:\Users\weixin\AppData\Local\nvm;C:\nvm4w\nodejs;."/>
    <property name="java.vm.info" value="mixed mode, sharing"/>
    <property name="stderr.encoding" value="GBK"/>
    <property name="java.vendor" value="Oracle Corporation"/>
    <property name="java.vm.version" value="21.0.8+12-LTS-250"/>
    <property name="sun.io.unicode.encoding" value="UnicodeLittle"/>
    <property name="java.class.version" value="65.0"/>
  </properties>
  <testcase name="verifyToken_missingToken" classname="com.example.lal.Controller.UserControllerTest" time="0.269">
    <system-out><![CDATA[23:19:56.194 [main] DEBUG org.springframework.boot.test.context.SpringBootTestContextBootstrapper -- Neither @ContextConfiguration nor @ContextHierarchy found for test class [UserControllerTest]: using SpringBootContextLoader
23:19:56.199 [main] DEBUG org.springframework.test.context.support.AbstractContextLoader -- Could not detect default resource locations for test class [com.example.lal.Controller.UserControllerTest]: no resource found for suffixes {-context.xml, Context.groovy}.
23:19:56.199 [main] INFO org.springframework.test.context.support.AnnotationConfigContextLoaderUtils -- Could not detect default configuration classes for test class [com.example.lal.Controller.UserControllerTest]: UserControllerTest does not declare any static, non-private, non-final, nested classes annotated with @Configuration.
23:19:56.255 [main] DEBUG org.springframework.boot.test.context.SpringBootTestContextBootstrapper -- Using ContextCustomizers for test class [UserControllerTest]: [ImportsContextCustomizer, ExcludeFilterContextCustomizer, DuplicateJsonObjectContextCustomizer, MockitoContextCustomizer, TestRestTemplateContextCustomizer, DisableObservabilityContextCustomizer, PropertyMappingContextCustomizer, Customizer]
23:19:56.418 [main] DEBUG org.springframework.context.annotation.ClassPathScanningCandidateComponentProvider -- Identified candidate component class: file [E:\软工基础实践\BUAA-2025-Team16\Learning_and_Living_Platform_BackEnd\target\classes\com\example\lal\LalApplication.class]
23:19:56.420 [main] INFO org.springframework.boot.test.context.SpringBootTestContextBootstrapper -- Found @SpringBootConfiguration com.example.lal.LalApplication for test class com.example.lal.Controller.UserControllerTest
23:19:56.551 [main] DEBUG org.springframework.boot.test.context.SpringBootTestContextBootstrapper -- Using TestExecutionListeners for test class [UserControllerTest]: [ServletTestExecutionListener, DirtiesContextBeforeModesTestExecutionListener, ApplicationEventsTestExecutionListener, MockitoTestExecutionListener, DependencyInjectionTestExecutionListener, DirtiesContextTestExecutionListener, TransactionalTestExecutionListener, SqlScriptsTestExecutionListener, EventPublishingTestExecutionListener, ResetMocksTestExecutionListener, RestDocsTestExecutionListener, MockRestServiceServerResetTestExecutionListener, MockMvcPrintOnlyOnFailureTestExecutionListener, WebDriverTestExecutionListener, MockWebServiceServerTestExecutionListener]
23:19:56.552 [main] DEBUG org.springframework.test.context.support.AbstractDirtiesContextTestExecutionListener -- Before test class: class [UserControllerTest], class annotated with @DirtiesContext [false] with mode [null]

  .   ____          _            __ _ _
 /\\ / ___'_ __ _ _(_)_ __  __ _ \ \ \ \
( ( )\___ | '_ | '_| | '_ \/ _` | \ \ \ \
 \\/  ___)| |_)| | | | | || (_| |  ) ) ) )
  '  |____| .__|_| |_|_| |_\__, | / / / /
 =========|_|==============|___/=/_/_/_/
 :: Spring Boot ::                (v3.0.7)

2025-08-30T23:19:57.006+08:00  INFO 1112 --- [           main] c.e.lal.Controller.UserControllerTest    : Starting UserControllerTest using Java 21.0.8 with PID 1112 (started by weixin in E:\软工基础实践\BUAA-2025-Team16\Learning_and_Living_Platform_BackEnd)
2025-08-30T23:19:57.008+08:00  INFO 1112 --- [           main] c.e.lal.Controller.UserControllerTest    : No active profile set, falling back to 1 default profile: "default"
2025-08-30T23:19:58.006+08:00  INFO 1112 --- [           main] .s.d.r.c.RepositoryConfigurationDelegate : Bootstrapping Spring Data JDBC repositories in DEFAULT mode.
2025-08-30T23:19:58.047+08:00  INFO 1112 --- [           main] .s.d.r.c.RepositoryConfigurationDelegate : Finished Spring Data repository scanning in 33 ms. Found 0 JDBC repository interfaces.
2025-08-30T23:20:00.853+08:00  INFO 1112 --- [           main] com.zaxxer.hikari.HikariDataSource       : HikariPool-1 - Starting...
2025-08-30T23:20:01.462+08:00  INFO 1112 --- [           main] com.zaxxer.hikari.pool.HikariPool        : HikariPool-1 - Added connection com.mysql.cj.jdbc.ConnectionImpl@3bab95ca
2025-08-30T23:20:01.466+08:00  INFO 1112 --- [           main] com.zaxxer.hikari.HikariDataSource       : HikariPool-1 - Start completed.
2025-08-30T23:20:04.517+08:00  INFO 1112 --- [           main] o.s.b.t.m.w.SpringBootMockServletContext : Initializing Spring TestDispatcherServlet ''
2025-08-30T23:20:04.517+08:00  INFO 1112 --- [           main] o.s.t.web.servlet.TestDispatcherServlet  : Initializing Servlet ''
2025-08-30T23:20:04.525+08:00  INFO 1112 --- [           main] o.s.t.web.servlet.TestDispatcherServlet  : Completed initialization in 2 ms
检查在线用户表中token过期的任务开始执行:
2025-08-30T23:20:04.595+08:00  INFO 1112 --- [           main] c.e.lal.Controller.UserControllerTest    : Started UserControllerTest in 7.986 seconds (process running for 9.631)
2025-08-30T23:20:04.748+08:00  INFO 1112 --- [           main] c.e.lal.interceptors.JWTInterceptor      : token：null
拦截器开始工作
2025-08-30T23:20:04.748+08:00 ERROR 1112 --- [           main] c.e.lal.interceptors.JWTInterceptor      : token为空
]]></system-out>
    <system-err><![CDATA[WARNING: A Java agent has been loaded dynamically (C:\Users\weixin\.m2\repository\net\bytebuddy\byte-buddy-agent\1.17.7\byte-buddy-agent-1.17.7.jar)
WARNING: If a serviceability tool is in use, please run with -XX:+EnableDynamicAgentLoading to hide this warning
WARNING: If a serviceability tool is not in use, please run with -Djdk.instrument.traceUsage for more information
WARNING: Dynamic loading of agents will be disallowed by default in a future release
]]></system-err>
  </testcase>
  <testcase name="verifyAdminLogin_failure" classname="com.example.lal.Controller.UserControllerTest" time="0.106">
    <system-out><![CDATA[adminLogin 调用成功
此用户的password(加密后)是:wrongPassword
adminLogin 调用失败
]]></system-out>
  </testcase>
  <testcase name="updatePassword_wrongOldPassword" classname="com.example.lal.Controller.UserControllerTest" time="0.21">
    <system-out><![CDATA[2025-08-30T23:20:05.216+08:00  INFO 1112 --- [           main] c.e.lal.interceptors.JWTInterceptor      : token：mock-token
拦截器开始工作
token中得到的userId:10000001
Token 过期时间: Sun Aug 31 00:20:05 CST 2025
剩余有效时间: 3599991 ms
10000001
]]></system-out>
  </testcase>
  <testcase name="verifyUserRegister_success" classname="com.example.lal.Controller.UserControllerTest" time="0.014">
    <system-out><![CDATA[register 调用成功
]]></system-out>
  </testcase>
  <testcase name="getAccountInfoList_insufficientPermission" classname="com.example.lal.Controller.UserControllerTest" time="0.018">
    <system-out><![CDATA[2025-08-30T23:20:05.267+08:00  INFO 1112 --- [           main] c.e.lal.interceptors.JWTInterceptor      : token：mock-token
拦截器开始工作
token中得到的userId:10000001
Token 过期时间: Sun Aug 31 00:20:05 CST 2025
剩余有效时间: 3599995 ms
]]></system-out>
  </testcase>
  <testcase name="verifyToken_invalidToken" classname="com.example.lal.Controller.UserControllerTest" time="0.011">
    <system-out><![CDATA[2025-08-30T23:20:05.286+08:00  INFO 1112 --- [           main] c.e.lal.interceptors.JWTInterceptor      : token：invalid-token
拦截器开始工作
2025-08-30T23:20:05.286+08:00 ERROR 1112 --- [           main] c.e.lal.interceptors.JWTInterceptor      : token无效
]]></system-out>
  </testcase>
  <testcase name="updateAccountInfo_unauthorized" classname="com.example.lal.Controller.UserControllerTest" time="0.03">
    <system-out><![CDATA[2025-08-30T23:20:05.308+08:00  INFO 1112 --- [           main] c.e.lal.interceptors.JWTInterceptor      : token：mock-token
拦截器开始工作
token中得到的userId:10000001
Token 过期时间: Sun Aug 31 00:20:05 CST 2025
剩余有效时间: 3599992 ms
updateAccountInfo 调用成功
]]></system-out>
  </testcase>
  <testcase name="getPassword_success" classname="com.example.lal.Controller.UserControllerTest" time="0.019">
    <system-out><![CDATA[getPassword得到的email是:user@example.com
新密码是259273
]]></system-out>
  </testcase>
  <testcase name="verifyUserLogin_success" classname="com.example.lal.Controller.UserControllerTest" time="0.04">
    <system-out><![CDATA[login 调用成功:
此用户的LogInNum是:2
]]></system-out>
  </testcase>
  <testcase name="getAccountInfoList_success" classname="com.example.lal.Controller.UserControllerTest" time="0.033">
    <system-out><![CDATA[2025-08-30T23:20:05.403+08:00  INFO 1112 --- [           main] c.e.lal.interceptors.JWTInterceptor      : token：mock-token
拦截器开始工作
token中得到的userId:9999999
Token 过期时间: Sun Aug 31 00:20:05 CST 2025
剩余有效时间: 3599992 ms
getAccountInfoList 调用成功
]]></system-out>
  </testcase>
  <testcase name="updateUserPassword_success" classname="com.example.lal.Controller.UserControllerTest" time="0.013">
    <system-out><![CDATA[2025-08-30T23:20:05.435+08:00  INFO 1112 --- [           main] c.e.lal.interceptors.JWTInterceptor      : token：mock-token
拦截器开始工作
token中得到的userId:10000001
Token 过期时间: Sun Aug 31 00:20:05 CST 2025
剩余有效时间: 3599996 ms
10000001
]]></system-out>
  </testcase>
  <testcase name="updateAccountInfo_success" classname="com.example.lal.Controller.UserControllerTest" time="0.585">
    <system-out><![CDATA[2025-08-30T23:20:05.450+08:00  INFO 1112 --- [           main] c.e.lal.interceptors.JWTInterceptor      : token：mock-token
拦截器开始工作
token中得到的userId:10000001
Token 过期时间: Sun Aug 31 00:20:05 CST 2025
剩余有效时间: 3599996 ms
updateAccountInfo 调用成功
]]></system-out>
    <system-err><![CDATA[null--->[HTTP/1.1 200 OK]
Transfer-Encoding--->[chunked]
X-Baidu-Request-Id--->[dad30a99f88878bdcfa130b4b420245e1000005]
Appid--->[34229751]
Server--->[Apache]
Connection--->[keep-alive]
Set-Cookie--->[BAIDUID=1301F39D052A08BE2CCB29DF8B4680B0:FG=1; expires=Thu, 31-Dec-37 23:55:55 GMT; max-age=2145916555; path=/; domain=.baidubce.com; version=1]
Vary--->[Accept-Encoding]
P3p--->[CP=" OTI DSP COR IVA OUR IND COM "]
Date--->[Sat, 30 Aug 2025 15:20:05 GMT]
Content-Type--->[application/json]
X-Openapi-Server-Timestamp--->[1756567205]
result:{"error_code":111,"error_msg":"Access token expired"}
java.lang.NullPointerException: Cannot invoke "com.fasterxml.jackson.databind.JsonNode.asText()" because the return value of "com.fasterxml.jackson.databind.JsonNode.get(String)" is null
	at com.example.lal.service.ExamineService.TextCensor(ExamineService.java:35)
	at com.example.lal.Controller.UserController.updateAccountInfo(UserController.java:303)
	at java.base/jdk.internal.reflect.DirectMethodHandleAccessor.invoke(DirectMethodHandleAccessor.java:103)
	at java.base/java.lang.reflect.Method.invoke(Method.java:580)
	at org.springframework.web.method.support.InvocableHandlerMethod.doInvoke(InvocableHandlerMethod.java:207)
	at org.springframework.web.method.support.InvocableHandlerMethod.invokeForRequest(InvocableHandlerMethod.java:152)
	at org.springframework.web.servlet.mvc.method.annotation.ServletInvocableHandlerMethod.invokeAndHandle(ServletInvocableHandlerMethod.java:118)
	at org.springframework.web.servlet.mvc.method.annotation.RequestMappingHandlerAdapter.invokeHandlerMethod(RequestMappingHandlerAdapter.java:884)
	at org.springframework.web.servlet.mvc.method.annotation.RequestMappingHandlerAdapter.handleInternal(RequestMappingHandlerAdapter.java:797)
	at org.springframework.web.servlet.mvc.method.AbstractHandlerMethodAdapter.handle(AbstractHandlerMethodAdapter.java:87)
	at org.springframework.web.servlet.DispatcherServlet.doDispatch(DispatcherServlet.java:1081)
	at org.springframework.web.servlet.DispatcherServlet.doService(DispatcherServlet.java:974)
	at org.springframework.web.servlet.FrameworkServlet.processRequest(FrameworkServlet.java:1011)
	at org.springframework.web.servlet.FrameworkServlet.doPut(FrameworkServlet.java:925)
	at jakarta.servlet.http.HttpServlet.service(HttpServlet.java:593)
	at org.springframework.web.servlet.FrameworkServlet.service(FrameworkServlet.java:885)
	at org.springframework.test.web.servlet.TestDispatcherServlet.service(TestDispatcherServlet.java:72)
	at jakarta.servlet.http.HttpServlet.service(HttpServlet.java:658)
	at org.springframework.mock.web.MockFilterChain$ServletFilterProxy.doFilter(MockFilterChain.java:165)
	at org.springframework.mock.web.MockFilterChain.doFilter(MockFilterChain.java:132)
	at org.springframework.web.filter.RequestContextFilter.doFilterInternal(RequestContextFilter.java:100)
	at org.springframework.web.filter.OncePerRequestFilter.doFilter(OncePerRequestFilter.java:116)
	at org.springframework.mock.web.MockFilterChain.doFilter(MockFilterChain.java:132)
	at org.springframework.web.filter.FormContentFilter.doFilterInternal(FormContentFilter.java:93)
	at org.springframework.web.filter.OncePerRequestFilter.doFilter(OncePerRequestFilter.java:116)
	at org.springframework.mock.web.MockFilterChain.doFilter(MockFilterChain.java:132)
	at org.springframework.web.filter.CharacterEncodingFilter.doFilterInternal(CharacterEncodingFilter.java:201)
	at org.springframework.web.filter.OncePerRequestFilter.doFilter(OncePerRequestFilter.java:116)
	at org.springframework.mock.web.MockFilterChain.doFilter(MockFilterChain.java:132)
	at org.springframework.test.web.servlet.MockMvc.perform(MockMvc.java:201)
	at com.example.lal.Controller.UserControllerTest.updateAccountInfo_success(UserControllerTest.java:397)
	at java.base/jdk.internal.reflect.DirectMethodHandleAccessor.invoke(DirectMethodHandleAccessor.java:103)
	at java.base/java.lang.reflect.Method.invoke(Method.java:580)
	at org.junit.platform.commons.util.ReflectionUtils.invokeMethod(ReflectionUtils.java:727)
	at org.junit.jupiter.engine.execution.MethodInvocation.proceed(MethodInvocation.java:60)
	at org.junit.jupiter.engine.execution.InvocationInterceptorChain$ValidatingInvocation.proceed(InvocationInterceptorChain.java:131)
	at org.junit.jupiter.engine.extension.TimeoutExtension.intercept(TimeoutExtension.java:156)
	at org.junit.jupiter.engine.extension.TimeoutExtension.interceptTestableMethod(TimeoutExtension.java:147)
	at org.junit.jupiter.engine.extension.TimeoutExtension.interceptTestMethod(TimeoutExtension.java:86)
	at org.junit.jupiter.engine.execution.InterceptingExecutableInvoker$ReflectiveInterceptorCall.lambda$ofVoidMethod$0(InterceptingExecutableInvoker.java:103)
	at org.junit.jupiter.engine.execution.InterceptingExecutableInvoker.lambda$invoke$0(InterceptingExecutableInvoker.java:93)
	at org.junit.jupiter.engine.execution.InvocationInterceptorChain$InterceptedInvocation.proceed(InvocationInterceptorChain.java:106)
	at org.junit.jupiter.engine.execution.InvocationInterceptorChain.proceed(InvocationInterceptorChain.java:64)
	at org.junit.jupiter.engine.execution.InvocationInterceptorChain.chainAndInvoke(InvocationInterceptorChain.java:45)
	at org.junit.jupiter.engine.execution.InvocationInterceptorChain.invoke(InvocationInterceptorChain.java:37)
	at org.junit.jupiter.engine.execution.InterceptingExecutableInvoker.invoke(InterceptingExecutableInvoker.java:92)
	at org.junit.jupiter.engine.execution.InterceptingExecutableInvoker.invoke(InterceptingExecutableInvoker.java:86)
	at org.junit.jupiter.engine.descriptor.TestMethodTestDescriptor.lambda$invokeTestMethod$7(TestMethodTestDescriptor.java:217)
	at org.junit.platform.engine.support.hierarchical.ThrowableCollector.execute(ThrowableCollector.java:73)
	at org.junit.jupiter.engine.descriptor.TestMethodTestDescriptor.invokeTestMethod(TestMethodTestDescriptor.java:213)
	at org.junit.jupiter.engine.descriptor.TestMethodTestDescriptor.execute(TestMethodTestDescriptor.java:138)
	at org.junit.jupiter.engine.descriptor.TestMethodTestDescriptor.execute(TestMethodTestDescriptor.java:68)
	at org.junit.platform.engine.support.hierarchical.NodeTestTask.lambda$executeRecursively$6(NodeTestTask.java:151)
	at org.junit.platform.engine.support.hierarchical.ThrowableCollector.execute(ThrowableCollector.java:73)
	at org.junit.platform.engine.support.hierarchical.NodeTestTask.lambda$executeRecursively$8(NodeTestTask.java:141)
	at org.junit.platform.engine.support.hierarchical.Node.around(Node.java:137)
	at org.junit.platform.engine.support.hierarchical.NodeTestTask.lambda$executeRecursively$9(NodeTestTask.java:139)
	at org.junit.platform.engine.support.hierarchical.ThrowableCollector.execute(ThrowableCollector.java:73)
	at org.junit.platform.engine.support.hierarchical.NodeTestTask.executeRecursively(NodeTestTask.java:138)
	at org.junit.platform.engine.support.hierarchical.NodeTestTask.execute(NodeTestTask.java:95)
	at java.base/java.util.ArrayList.forEach(ArrayList.java:1596)
	at org.junit.platform.engine.support.hierarchical.SameThreadHierarchicalTestExecutorService.invokeAll(SameThreadHierarchicalTestExecutorService.java:41)
	at org.junit.platform.engine.support.hierarchical.NodeTestTask.lambda$executeRecursively$6(NodeTestTask.java:155)
	at org.junit.platform.engine.support.hierarchical.ThrowableCollector.execute(ThrowableCollector.java:73)
	at org.junit.platform.engine.support.hierarchical.NodeTestTask.lambda$executeRecursively$8(NodeTestTask.java:141)
	at org.junit.platform.engine.support.hierarchical.Node.around(Node.java:137)
	at org.junit.platform.engine.support.hierarchical.NodeTestTask.lambda$executeRecursively$9(NodeTestTask.java:139)
	at org.junit.platform.engine.support.hierarchical.ThrowableCollector.execute(ThrowableCollector.java:73)
	at org.junit.platform.engine.support.hierarchical.NodeTestTask.executeRecursively(NodeTestTask.java:138)
	at org.junit.platform.engine.support.hierarchical.NodeTestTask.execute(NodeTestTask.java:95)
	at java.base/java.util.ArrayList.forEach(ArrayList.java:1596)
	at org.junit.platform.engine.support.hierarchical.SameThreadHierarchicalTestExecutorService.invokeAll(SameThreadHierarchicalTestExecutorService.java:41)
	at org.junit.platform.engine.support.hierarchical.NodeTestTask.lambda$executeRecursively$6(NodeTestTask.java:155)
	at org.junit.platform.engine.support.hierarchical.ThrowableCollector.execute(ThrowableCollector.java:73)
	at org.junit.platform.engine.support.hierarchical.NodeTestTask.lambda$executeRecursively$8(NodeTestTask.java:141)
	at org.junit.platform.engine.support.hierarchical.Node.around(Node.java:137)
	at org.junit.platform.engine.support.hierarchical.NodeTestTask.lambda$executeRecursively$9(NodeTestTask.java:139)
	at org.junit.platform.engine.support.hierarchical.ThrowableCollector.execute(ThrowableCollector.java:73)
	at org.junit.platform.engine.support.hierarchical.NodeTestTask.executeRecursively(NodeTestTask.java:138)
	at org.junit.platform.engine.support.hierarchical.NodeTestTask.execute(NodeTestTask.java:95)
	at org.junit.platform.engine.support.hierarchical.SameThreadHierarchicalTestExecutorService.submit(SameThreadHierarchicalTestExecutorService.java:35)
	at org.junit.platform.engine.support.hierarchical.HierarchicalTestExecutor.execute(HierarchicalTestExecutor.java:57)
	at org.junit.platform.engine.support.hierarchical.HierarchicalTestEngine.execute(HierarchicalTestEngine.java:54)
	at org.junit.platform.launcher.core.EngineExecutionOrchestrator.execute(EngineExecutionOrchestrator.java:147)
	at org.junit.platform.launcher.core.EngineExecutionOrchestrator.execute(EngineExecutionOrchestrator.java:127)
	at org.junit.platform.launcher.core.EngineExecutionOrchestrator.execute(EngineExecutionOrchestrator.java:90)
	at org.junit.platform.launcher.core.EngineExecutionOrchestrator.lambda$execute$0(EngineExecutionOrchestrator.java:55)
	at org.junit.platform.launcher.core.EngineExecutionOrchestrator.withInterceptedStreams(EngineExecutionOrchestrator.java:102)
	at org.junit.platform.launcher.core.EngineExecutionOrchestrator.execute(EngineExecutionOrchestrator.java:54)
	at org.junit.platform.launcher.core.DefaultLauncher.execute(DefaultLauncher.java:114)
	at org.junit.platform.launcher.core.DefaultLauncher.execute(DefaultLauncher.java:86)
	at org.junit.platform.launcher.core.DefaultLauncherSession$DelegatingLauncher.execute(DefaultLauncherSession.java:86)
	at org.apache.maven.surefire.junitplatform.LazyLauncher.execute(LazyLauncher.java:56)
	at org.apache.maven.surefire.junitplatform.JUnitPlatformProvider.execute(JUnitPlatformProvider.java:184)
	at org.apache.maven.surefire.junitplatform.JUnitPlatformProvider.invokeAllTests(JUnitPlatformProvider.java:148)
	at org.apache.maven.surefire.junitplatform.JUnitPlatformProvider.invoke(JUnitPlatformProvider.java:122)
	at org.apache.maven.surefire.booter.ForkedBooter.runSuitesInProcess(ForkedBooter.java:385)
	at org.apache.maven.surefire.booter.ForkedBooter.execute(ForkedBooter.java:162)
	at org.apache.maven.surefire.booter.ForkedBooter.run(ForkedBooter.java:507)
	at org.apache.maven.surefire.booter.ForkedBooter.main(ForkedBooter.java:495)
]]></system-err>
  </testcase>
  <testcase name="getLevel_success" classname="com.example.lal.Controller.UserControllerTest" time="0.017">
    <system-out><![CDATA[2025-08-30T23:20:06.062+08:00  INFO 1112 --- [           main] c.e.lal.interceptors.JWTInterceptor      : token：mock-token
拦截器开始工作
token中得到的userId:10000001
Token 过期时间: Sun Aug 31 00:20:06 CST 2025
剩余有效时间: 3599996 ms
getLevel 调用成功
]]></system-out>
  </testcase>
  <testcase name="verifyTokenUser_success" classname="com.example.lal.Controller.UserControllerTest" time="0.012">
    <system-out><![CDATA[2025-08-30T23:20:06.076+08:00  INFO 1112 --- [           main] c.e.lal.interceptors.JWTInterceptor      : token：mock-token
拦截器开始工作
token中得到的userId:10000001
Token 过期时间: Sun Aug 31 00:20:06 CST 2025
剩余有效时间: 3599997 ms
]]></system-out>
  </testcase>
  <testcase name="verifyUserLogin_failure" classname="com.example.lal.Controller.UserControllerTest" time="0.008">
    <system-out><![CDATA[login 调用成功:
login失败:用户不存在或密码错误
]]></system-out>
  </testcase>
  <testcase name="getLevel_invalidToken" classname="com.example.lal.Controller.UserControllerTest" time="0.009">
    <system-out><![CDATA[2025-08-30T23:20:06.099+08:00  INFO 1112 --- [           main] c.e.lal.interceptors.JWTInterceptor      : token：invalid-token
拦截器开始工作
2025-08-30T23:20:06.100+08:00 ERROR 1112 --- [           main] c.e.lal.interceptors.JWTInterceptor      : token无效
]]></system-out>
  </testcase>
  <testcase name="getPassword_invalidEmail" classname="com.example.lal.Controller.UserControllerTest" time="0.007"/>
  <testcase name="deleteAccount_success" classname="com.example.lal.Controller.UserControllerTest" time="0.016">
    <system-out><![CDATA[2025-08-30T23:20:06.124+08:00  INFO 1112 --- [           main] c.e.lal.interceptors.JWTInterceptor      : token：mock-token
拦截器开始工作
token中得到的userId:10000001
Token 过期时间: Sun Aug 31 00:20:06 CST 2025
剩余有效时间: 3599995 ms
]]></system-out>
  </testcase>
  <testcase name="verifyTokenAdmin_success" classname="com.example.lal.Controller.UserControllerTest" time="0.014">
    <system-out><![CDATA[2025-08-30T23:20:06.141+08:00  INFO 1112 --- [           main] c.e.lal.interceptors.JWTInterceptor      : token：mock-token
拦截器开始工作
token中得到的userId:9999999
Token 过期时间: Sun Aug 31 00:20:06 CST 2025
剩余有效时间: 3599996 ms
]]></system-out>
  </testcase>
  <testcase name="logout_invalidToken" classname="com.example.lal.Controller.UserControllerTest" time="0.01">
    <system-out><![CDATA[2025-08-30T23:20:06.154+08:00  INFO 1112 --- [           main] c.e.lal.interceptors.JWTInterceptor      : token：invalid-token
拦截器开始工作
2025-08-30T23:20:06.155+08:00 ERROR 1112 --- [           main] c.e.lal.interceptors.JWTInterceptor      : token无效
]]></system-out>
  </testcase>
  <testcase name="logout_success" classname="com.example.lal.Controller.UserControllerTest" time="0.009">
    <system-out><![CDATA[2025-08-30T23:20:06.169+08:00  INFO 1112 --- [           main] c.e.lal.interceptors.JWTInterceptor      : token：mock-token
拦截器开始工作
token中得到的userId:10000001
Token 过期时间: Sun Aug 31 00:20:06 CST 2025
剩余有效时间: 3599997 ms
logout 调用成功
]]></system-out>
  </testcase>
  <testcase name="verifyAdminLogin_success" classname="com.example.lal.Controller.UserControllerTest" time="0.01">
    <system-out><![CDATA[adminLogin 调用成功
此用户的password(加密后)是:encryptedPassword
]]></system-out>
  </testcase>
  <testcase name="updateAdminPassword_success" classname="com.example.lal.Controller.UserControllerTest" time="0.01">
    <system-out><![CDATA[2025-08-30T23:20:06.193+08:00  INFO 1112 --- [           main] c.e.lal.interceptors.JWTInterceptor      : token：mock-token
拦截器开始工作
token中得到的userId:9999999
Token 过期时间: Sun Aug 31 00:20:06 CST 2025
剩余有效时间: 3599997 ms
9999999
]]></system-out>
  </testcase>
  <testcase name="deleteAccount_userNotFound" classname="com.example.lal.Controller.UserControllerTest" time="0.01">
    <system-out><![CDATA[2025-08-30T23:20:06.205+08:00  INFO 1112 --- [           main] c.e.lal.interceptors.JWTInterceptor      : token：mock-token
拦截器开始工作
token中得到的userId:10000001
Token 过期时间: Sun Aug 31 00:20:06 CST 2025
剩余有效时间: 3599996 ms
deleteUser失败:不存在此用户
]]></system-out>
  </testcase>
  <testcase name="verifyUserRegister_userExists" classname="com.example.lal.Controller.UserControllerTest" time="0.007">
    <system-out><![CDATA[register 调用成功
]]></system-out>
  </testcase>
</testsuite>