<?xml version="1.0" encoding="UTF-8"?>
<testsuite xmlns:xsi="http://www.w3.org/2001/XMLSchema-instance" xsi:noNamespaceSchemaLocation="https://maven.apache.org/surefire/maven-surefire-plugin/xsd/surefire-test-report-3.0.xsd" version="3.0" name="com.example.lal.LalApplicationTests" time="0.005" tests="2" errors="0" skipped="2" failures="0">
  <properties/>
  <testcase name="test" classname="com.example.lal.LalApplicationTests" time="0.0">
    <skipped message="Expired JWT — not part of unit tests"/>
  </testcase>
  <testcase name="contextLoads" classname="com.example.lal.LalApplicationTests" time="0.0">
    <skipped message="Expired JWT — not part of unit tests"/>
  </testcase>
</testsuite>